<?xml version="1.0" encoding="UTF-8"?>
<!-- Generated by org.testng.reporters.JUnitReportReporter -->
<testsuite hostname="DESKTOP-NKTHCUJ" failures="0" tests="1" name="com.Actitime.Testscripts.TaskTest" time="102.239" errors="0" timestamp="2023-03-30T11:30:53 IST" skipped="0">
  <testcase classname="com.Actitime.Testscripts.TaskTest" name="createcustomer" time="102.239"/>
  <system-out/>
</testsuite> <!-- com.Actitime.Testscripts.TaskTest -->
